[    1291ms] [LOG] [Init] 开始初始化，连接 Supabase... @ http://localhost:8080/app.js:5716
[    1291ms] [LOG] [Supabase] SDK 已检测到，创建客户端... @ http://localhost:8080/app.js:37
[    1293ms] [LOG] [Auth] 已登出 @ http://localhost:8080/app.js:158
[    1293ms] [LOG] [Supabase] ✅ 云端存储已就绪 @ http://localhost:8080/app.js:86
[    1293ms] [LOG] [Init] Supabase 初始化结果: true 用户: 未登录 @ http://localhost:8080/app.js:5718
[    1293ms] [LOG] [Auth] 已登出 @ http://localhost:8080/app.js:158
[    1293ms] [LOG] [Init] 版本升级: 首次 → v20，执行数据迁移... @ http://localhost:8080/app.js:5726
[    1293ms] [LOG] [Init] 未登录或云端不可用，使用本地数据 @ http://localhost:8080/app.js:5767
[    1302ms] [LOG] [Init] ⚠️ 使用本地存储模式，数据不会跨设备同步 @ http://localhost:8080/app.js:5817
[    1321ms] [VERBOSE] [DOM] Password field is not contained in a form: (More info: https://goo.gl/9p2vKq) %o @ http://localhost:8080/index.html:0
[    1321ms] [VERBOSE] [DOM] Password field is not contained in a form: (More info: https://goo.gl/9p2vKq) %o @ http://localhost:8080/index.html:0
[    1956ms] [ERROR] Failed to load resource: the server responded with a status of 404 (File not found) @ http://localhost:8080/favicon.ico:0
[   11965ms] [VERBOSE] [DOM] Password field is not contained in a form: (More info: https://goo.gl/9p2vKq) %o @ http://localhost:8080/index.html:0
[   32628ms] [LOG] [Init] 开始初始化，连接 Supabase... @ http://localhost:8080/app.js:5716
[   32628ms] [LOG] [Supabase] SDK 已检测到，创建客户端... @ http://localhost:8080/app.js:37
[   32629ms] [LOG] [Auth] 已登出 @ http://localhost:8080/app.js:158
[   32629ms] [LOG] [Supabase] ✅ 云端存储已就绪 @ http://localhost:8080/app.js:86
[   32629ms] [LOG] [Init] Supabase 初始化结果: true 用户: 未登录 @ http://localhost:8080/app.js:5718
[   32629ms] [LOG] [Auth] 已登出 @ http://localhost:8080/app.js:158
[   32629ms] [LOG] [Init] 未登录或云端不可用，使用本地数据 @ http://localhost:8080/app.js:5767
[   32634ms] [LOG] [Init] ⚠️ 使用本地存储模式，数据不会跨设备同步 @ http://localhost:8080/app.js:5817
[   32652ms] [VERBOSE] [DOM] Password field is not contained in a form: (More info: https://goo.gl/9p2vKq) %o @ http://localhost:8080/index.html:0
[   32653ms] [VERBOSE] [DOM] Password field is not contained in a form: (More info: https://goo.gl/9p2vKq) %o @ http://localhost:8080/index.html:0
[   39181ms] [VERBOSE] [DOM] Password field is not contained in a form: (More info: https://goo.gl/9p2vKq) %o @ http://localhost:8080/index.html:0
